1d0
< Anne Série 44 minutos Canadá Inglês CBC Television 19 de março de 2017 – atualmente 1 7
3a3
> Anne Série 44 minutos Canadá Inglês CBC Television 19 de março de 2017 – atualmente 1 7
6d5
< American Horror Story Série 39-63 min. Estados Unidos inglês FX 5 de Outubro de 2011 — presente 6 73
8d6
< Blindspot Série 42-43 minutos (sem comerciais) Estados Unidos (em inglês) NBC 21 de setembro de 2015 – presente 1 22
9a8
> Blindspot Série 42-43 minutos (sem comerciais) Estados Unidos (em inglês) NBC 21 de setembro de 2015 – presente 1 22
12d10
< Daredevil Websérie 48–61 minutos Estados Unidos Inglês Netflix 10 de abril de 2015 3 26
15d12
< Forever Série 43 minutos Estados Unidos Inglês ABC 22 de setembro de 2014 – 5 de maio de 2015 1 22
16a14
> Daredevil Websérie 48–61 minutos Estados Unidos Inglês Netflix 10 de abril de 2015 3 26
19,21c17,19
< Gotham Série 40-49 minutos Estados Unidos Inglês FOX 22 de setembro de 2014 - presente 3 88
< Grey's Anatomy Série 42 min. aprox. Estados Unidos Inglês ABC 27 de Março de 2005 - presente 14 293
< Grimm Série 42 minutos aprox. Estados Unidos Inglês NBC 21 de outubro de 2011 - 31 de março de 2017 6 123
---
> Forever Série 43 minutos Estados Unidos Inglês ABC 22 de setembro de 2014 – 5 de maio de 2015 1 22
> Grey's Anatomy Série 42 min. aprox. Estados Unidos  Inglês ABC 27 de Março de 2005 - presente 14 293
> American Horror Story Série 39-63 min. Estados Unidos inglês FX 5 de Outubro de 2011 — presente 6 73
29a28
> Gotham Série 40-49 minutos Estados Unidos Inglês FOX 22 de setembro de 2014 - presente 3 88
35a35
> Grimm Série 42 minutos aprox. Estados Unidos Inglês NBC 21 de outubro de 2011 - 31 de março de 2017 6 123
38,39d37
< Sons of Anarchy Série 50 min. (aproximadamente) Estados Unidos Inglês FX 3 de Setembro de 2008 - 9 de Dezembro de 2014 7 92
< Stranger Things Série 42–55 minutos Estados Unidos Inglês Netflix 15 de julho de 2016(2016-07-15) – presente 1 8
41c39
< Supernatural Série 38–45 minutos Estados Unidos Inglês The WB (2005–2006) 13 de setembro de 2005(2005-09-13) – presente 12 264
---
> Stranger Things Série 42–55 minutos Estados Unidos Inglês Netflix 15 de julho de 2016(2016-07-15) – presente 1 8
43c41
< The 100 Série 42 minutos Estados Unidos Inglês The CW 19 de março de 2014(2014-03-19) – presente 4 58
---
> Supernatural Série 38–45 minutos Estados Unidos Inglês The WB (2005–2006) 13 de setembro de 2005(2005-09-13) – presente 12 264
44a43
> The 100 Série 42 minutos Estados Unidos Inglês The CW 19 de março de 2014(2014-03-19) – presente 4 58
46a46
> Sons of Anarchy Série 50 min. (aproximadamente) Estados Unidos Inglês FX 3 de Setembro de 2008 - 9 de Dezembro de 2014 7 92
51,52d50
< The Walking Dead Série 42–67 minutos Estados Unidos Inglês AMC 31 de outubro de 2010(2010-10-31) – presente 7 99
< True Detective Série 54 - 60 minutos Estados Unidos inglês HBO 12 de janeiro de 2014 – 9 de agosto de 2015 2 16
54a53
> The Walking Dead Série 42–67 minutos Estados Unidos Inglês AMC 31 de outubro de 2010(2010-10-31) – presente 7 99
57a57
> True Detective Série 54 - 60 minutos Estados Unidos inglês HBO 12 de janeiro de 2014 – 9 de agosto de 2015 2 16
59d58
< Outlander Série 50 min. Reino Unido inglês Starz 9 de agosto de 2014 - presente 2 29
60a60
> Outlander Série 50 min. Reino Unido inglês Starz 9 de agosto de 2014 - presente 2 29